Using pre-set license
Built from '2020.3/release' branch; Version is '2020.3.2f1 (8fd9074bf66c) revision 9427207'; Using compiler version '192528614'; Build Type 'Release'
OS: 'Windows 10 Pro; OS build 19042.1052; Version 2009; 64bit' Language: 'pt' Physical Memory: 16294 MB
BatchMode: 1, IsHumanControllingUs: 0, StartBugReporterOnCrash: 0, Is64bit: 1, IsPro: 0

 COMMAND LINE ARGUMENTS:
C:\Program Files\Unity\Hub\Editor\2020.3.2f1\Editor\Unity.exe
-adb2
-batchMode
-noUpm
-name
AssetImportWorker0
-projectPath
C:/Users/Pichau/dev/ebac/unity/Projeto Entrada
-logFile
Logs/AssetImportWorker0.log
-srvPort
61343
Successfully changed project path to: C:/Users/Pichau/dev/ebac/unity/Projeto Entrada
C:/Users/Pichau/dev/ebac/unity/Projeto Entrada
Using Asset Import Pipeline V2.
Refreshing native plugins compatible for Editor in 20.29 ms, found 0 plugins.
Preloading 0 native plugins for Editor in 0.00 ms.
Initialize engine version: 2020.3.2f1 (8fd9074bf66c)
[Subsystems] Discovering subsystems at path C:/Program Files/Unity/Hub/Editor/2020.3.2f1/Editor/Data/Resources/UnitySubsystems
[Subsystems] Discovering subsystems at path C:/Users/Pichau/dev/ebac/unity/Projeto Entrada/Assets
GfxDevice: creating device client; threaded=0
Direct3D:
    Version:  Direct3D 11.0 [level 11.1]
    Renderer: NVIDIA GeForce RTX 2060 (ID=0x1f08)
    Vendor:   
    VRAM:     5980 MB
    Driver:   27.21.14.6627
Initialize mono
Mono path[0] = 'C:/Program Files/Unity/Hub/Editor/2020.3.2f1/Editor/Data/Managed'
Mono path[1] = 'C:/Program Files/Unity/Hub/Editor/2020.3.2f1/Editor/Data/MonoBleedingEdge/lib/mono/unityjit'
Mono config path = 'C:/Program Files/Unity/Hub/Editor/2020.3.2f1/Editor/Data/MonoBleedingEdge/etc'
Using monoOptions --debugger-agent=transport=dt_socket,embedding=1,server=y,suspend=n,address=127.0.0.1:56928
Begin MonoManager ReloadAssembly
Registering precompiled unity dll's ...
Register platform support module: C:/Program Files/Unity/Hub/Editor/2020.3.2f1/Editor/Data/PlaybackEngines/WindowsStandaloneSupport/UnityEditor.WindowsStandalone.Extensions.dll
Registered in 0.001915 seconds.
Native extension for WindowsStandalone target not found
Refreshing native plugins compatible for Editor in 20.20 ms, found 0 plugins.
Preloading 0 native plugins for Editor in 0.00 ms.
Invoked RoslynAnalysisRunner static constructor.
RoslynAnalysisRunner will not be running.
RoslynAnalysisRunner has terminated.
Mono: successfully reloaded assembly
- Completed reload, in  0.971 seconds
Platform modules already initialized, skipping
Registering precompiled user dll's ...
Registered in 0.000742 seconds.
Begin MonoManager ReloadAssembly
Native extension for WindowsStandalone target not found
Refreshing native plugins compatible for Editor in 0.19 ms, found 0 plugins.
Preloading 0 native plugins for Editor in 0.00 ms.
Invoked RoslynAnalysisRunner static constructor.
RoslynAnalysisRunner will not be running.
RoslynAnalysisRunner has terminated.
Mono: successfully reloaded assembly
- Completed reload, in  0.712 seconds
Platform modules already initialized, skipping
========================================================================
Worker process is ready to serve import requests
Launched and connected shader compiler UnityShaderCompiler.exe after 0.05 seconds
Refreshing native plugins compatible for Editor in 0.20 ms, found 0 plugins.
Preloading 0 native plugins for Editor in 0.00 ms.
Unloading 1115 Unused Serialized files (Serialized files now loaded: 0)
System memory in use before: 57.2 MB.
System memory in use after: 57.2 MB.

Unloading 10 unused Assets to reduce memory usage. Loaded Objects now: 1557.
Total: 2.129900 ms (FindLiveObjects: 0.197600 ms CreateObjectMapping: 0.041900 ms MarkObjects: 1.823300 ms  DeleteObjects: 0.066300 ms)

========================================================================
Received Import Request.
  path: Assets/Scenes/MaybeNotThatMansion.unity
  artifactKey: Guid(c40e28aac6cbef647ae1315f64e3a4fb) Importer(815301076,1909f56bfc062723c751e8b465ee728b)
Start importing Assets/Scenes/MaybeNotThatMansion.unity using Guid(c40e28aac6cbef647ae1315f64e3a4fb) Importer(815301076,1909f56bfc062723c751e8b465ee728b)  -> (artifact id: '2db72713f709d12e7c747a1e65ce277f') in 0.019110 seconds
  Import took 0.022072 seconds .

========================================================================
Received Import Request.
  Time since last request: 1033.431623 seconds.
  path: Assets/Objects/detalhe-escada.unity
  artifactKey: Guid(03217d5cf1620b1459efd9016c6ef95c) Importer(815301076,1909f56bfc062723c751e8b465ee728b)
Start importing Assets/Objects/detalhe-escada.unity using Guid(03217d5cf1620b1459efd9016c6ef95c) Importer(815301076,1909f56bfc062723c751e8b465ee728b)  -> (artifact id: '0777ed766a953139749a764c5e06c673') in 0.004352 seconds
  Import took 0.008398 seconds .

========================================================================
Received Import Request.
  Time since last request: 37.416160 seconds.
  path: Assets/Objects
  artifactKey: Guid(486259fe4724449418b9a2fe2b5b6c54) Importer(815301076,1909f56bfc062723c751e8b465ee728b)
Start importing Assets/Objects using Guid(486259fe4724449418b9a2fe2b5b6c54) Importer(815301076,1909f56bfc062723c751e8b465ee728b)  -> (artifact id: 'a7650cbee251dc19b2a9743272c51071') in 0.003616 seconds
  Import took 0.011046 seconds .

========================================================================
Received Import Request.
  Time since last request: 667.960741 seconds.
  path: Assets/Objects/Detalhe-escada.prefab
  artifactKey: Guid(147e926f6fd5d2446a2b61c25277e216) Importer(815301076,1909f56bfc062723c751e8b465ee728b)
Start importing Assets/Objects/Detalhe-escada.prefab using Guid(147e926f6fd5d2446a2b61c25277e216) Importer(815301076,1909f56bfc062723c751e8b465ee728b)  -> (artifact id: '27d3cdc41b32f1289b81b9b09f9f7964') in 0.085277 seconds
  Import took 0.088246 seconds .

AssetImportWorkerClient::OnTransportError - code=2 error=End of file
